# JRE version: OpenJDK Runtime Environment 18.9 (11.0.11+9) (build 11.0.11+9)
# Java VM: OpenJDK 64-Bit Server VM 18.9 (11.0.11+9, mixed mode, tiered, compressed oops, g1 gc, windows-amd64)
Heap:
 garbage-first heap   total 262144K, used 130806K [0x0000000740000000, 0x0000000800000000)
  region size 1024K, 14 young (14336K), 1 survivors (1024K)
 Metaspace       used 116987K, capacity 118307K, committed 122320K, reserved 1155072K
  class space    used 15253K, capacity 15786K, committed 17152K, reserved 1048576K
GC Heap History (20 events):
Event: 9511.733 GC heap before
{Heap before GC invocations=291 (full 9):
 garbage-first heap   total 262144K, used 179198K [0x0000000740000000, 0x0000000800000000)
  region size 1024K, 60 young (61440K), 1 survivors (1024K)
 Metaspace       used 116938K, capacity 118242K, committed 122320K, reserved 1155072K
  class space    used 15253K, capacity 15786K, committed 17152K, reserved 1048576K
}
Event: 9511.736 GC heap after
{Heap after GC invocations=292 (full 9):
 garbage-first heap   total 262144K, used 118819K [0x0000000740000000, 0x0000000800000000)
  region size 1024K, 1 young (1024K), 1 survivors (1024K)
 Metaspace       used 116938K, capacity 118242K, committed 122320K, reserved 1155072K
  class space    used 15253K, capacity 15786K, committed 17152K, reserved 1048576K
}
Event: 9649.897 GC heap before
{Heap before GC invocations=292 (full 9):
 garbage-first heap   total 262144K, used 179235K [0x0000000740000000, 0x0000000800000000)
  region size 1024K, 60 young (61440K), 1 survivors (1024K)
 Metaspace       used 116938K, capacity 118242K, committed 122320K, reserved 1155072K
  class space    used 15253K, capacity 15786K, committed 17152K, reserved 1048576K
}
Event: 9649.901 GC heap after
{Heap after GC invocations=293 (full 9):
 garbage-first heap   total 262144K, used 118765K [0x0000000740000000, 0x0000000800000000)
  region size 1024K, 1 young (1024K), 1 survivors (1024K)
 Metaspace       used 116938K, capacity 118242K, committed 122320K, reserved 1155072K
  class space    used 15253K, capacity 15786K, committed 17152K, reserved 1048576K
}
Event: 9790.764 GC heap before
{Heap before GC invocations=294 (full 9):
 garbage-first heap   total 262144K, used 179181K [0x0000000740000000, 0x0000000800000000)
  region size 1024K, 60 young (61440K), 1 survivors (1024K)
 Metaspace       used 116938K, capacity 118242K, committed 122320K, reserved 1155072K
  class space    used 15253K, capacity 15786K, committed 17152K, reserved 1048576K
}
Event: 9790.766 GC heap after
{Heap after GC invocations=295 (full 9):
 garbage-first heap   total 262144K, used 118824K [0x0000000740000000, 0x0000000800000000)
  region size 1024K, 1 young (1024K), 1 survivors (1024K)
 Metaspace       used 116938K, capacity 118242K, committed 122320K, reserved 1155072K
  class space    used 15253K, capacity 15786K, committed 17152K, reserved 1048576K
}
Event: 9931.620 GC heap before
{Heap before GC invocations=295 (full 9):
 garbage-first heap   total 262144K, used 179240K [0x0000000740000000, 0x0000000800000000)
  region size 1024K, 60 young (61440K), 1 survivors (1024K)
 Metaspace       used 116938K, capacity 118242K, committed 122320K, reserved 1155072K
  class space    used 15253K, capacity 15786K, committed 17152K, reserved 1048576K
}
Event: 9931.626 GC heap after
{Heap after GC invocations=296 (full 9):
 garbage-first heap   total 262144K, used 118782K [0x0000000740000000, 0x0000000800000000)
  region size 1024K, 1 young (1024K), 1 survivors (1024K)
 Metaspace       used 116938K, capacity 118242K, committed 122320K, reserved 1155072K
  class space    used 15253K, capacity 15786K, committed 17152K, reserved 1048576K
}
Event: 10071.034 GC heap before
{Heap before GC invocations=297 (full 9):
 garbage-first heap   total 262144K, used 179198K [0x0000000740000000, 0x0000000800000000)
  region size 1024K, 60 young (61440K), 1 survivors (1024K)
 Metaspace       used 116938K, capacity 118242K, committed 122320K, reserved 1155072K
  class space    used 15253K, capacity 15786K, committed 17152K, reserved 1048576K
}
Event: 10071.037 GC heap after
{Heap after GC invocations=298 (full 9):
 garbage-first heap   total 262144K, used 118815K [0x0000000740000000, 0x0000000800000000)
  region size 1024K, 1 young (1024K), 1 survivors (1024K)
 Metaspace       used 116938K, capacity 118242K, committed 122320K, reserved 1155072K
  class space    used 15253K, capacity 15786K, committed 17152K, reserved 1048576K
}
Event: 10207.746 GC heap before
{Heap before GC invocations=298 (full 9):
 garbage-first heap   total 262144K, used 179231K [0x0000000740000000, 0x0000000800000000)
  region size 1024K, 60 young (61440K), 1 survivors (1024K)
 Metaspace       used 116938K, capacity 118242K, committed 122320K, reserved 1155072K
  class space    used 15253K, capacity 15786K, committed 17152K, reserved 1048576K
}
Event: 10207.751 GC heap after
{Heap after GC invocations=299 (full 9):
 garbage-first heap   total 262144K, used 118801K [0x0000000740000000, 0x0000000800000000)
  region size 1024K, 1 young (1024K), 1 survivors (1024K)
 Metaspace       used 116938K, capacity 118242K, committed 122320K, reserved 1155072K
  class space    used 15253K, capacity 15786K, committed 17152K, reserved 1048576K
}
Event: 10345.149 GC heap before
{Heap before GC invocations=300 (full 9):
 garbage-first heap   total 262144K, used 179217K [0x0000000740000000, 0x0000000800000000)
  region size 1024K, 60 young (61440K), 1 survivors (1024K)
 Metaspace       used 116938K, capacity 118242K, committed 122320K, reserved 1155072K
  class space    used 15253K, capacity 15786K, committed 17152K, reserved 1048576K
}
Event: 10345.154 GC heap after
{Heap after GC invocations=301 (full 9):
 garbage-first heap   total 262144K, used 118797K [0x0000000740000000, 0x0000000800000000)
  region size 1024K, 1 young (1024K), 1 survivors (1024K)
 Metaspace       used 116938K, capacity 118242K, committed 122320K, reserved 1155072K
  class space    used 15253K, capacity 15786K, committed 17152K, reserved 1048576K
}
Event: 10394.216 GC heap before
{Heap before GC invocations=301 (full 9):
 garbage-first heap   total 262144K, used 140301K [0x0000000740000000, 0x0000000800000000)
  region size 1024K, 23 young (23552K), 1 survivors (1024K)
 Metaspace       used 116938K, capacity 118242K, committed 122320K, reserved 1155072K
  class space    used 15253K, capacity 15786K, committed 17152K, reserved 1048576K
}
Event: 10394.328 GC heap after
{Heap after GC invocations=302 (full 10):
 garbage-first heap   total 262144K, used 117935K [0x0000000740000000, 0x0000000800000000)
  region size 1024K, 0 young (0K), 0 survivors (0K)
 Metaspace       used 116938K, capacity 118242K, committed 122320K, reserved 1155072K
  class space    used 15253K, capacity 15786K, committed 17152K, reserved 1048576K
}
Event: 10533.949 GC heap before
{Heap before GC invocations=302 (full 10):
 garbage-first heap   total 262144K, used 179375K [0x0000000740000000, 0x0000000800000000)
  region size 1024K, 60 young (61440K), 0 survivors (0K)
 Metaspace       used 116938K, capacity 118242K, committed 122320K, reserved 1155072K
  class space    used 15253K, capacity 15786K, committed 17152K, reserved 1048576K
}
Event: 10533.952 GC heap after
{Heap after GC invocations=303 (full 10):
 garbage-first heap   total 262144K, used 118497K [0x0000000740000000, 0x0000000800000000)
  region size 1024K, 1 young (1024K), 1 survivors (1024K)
 Metaspace       used 116938K, capacity 118242K, committed 122320K, reserved 1155072K
  class space    used 15253K, capacity 15786K, committed 17152K, reserved 1048576K
}
Event: 10638.751 GC heap before
{Heap before GC invocations=304 (full 10):
 garbage-first heap   total 262144K, used 178913K [0x0000000740000000, 0x0000000800000000)
  region size 1024K, 60 young (61440K), 1 survivors (1024K)
 Metaspace       used 116938K, capacity 118242K, committed 122320K, reserved 1155072K
  class space    used 15253K, capacity 15786K, committed 17152K, reserved 1048576K
}
Event: 10638.754 GC heap after
{Heap after GC invocations=305 (full 10):
 garbage-first heap   total 262144K, used 118518K [0x0000000740000000, 0x0000000800000000)
  region size 1024K, 1 young (1024K), 1 survivors (1024K)
 Metaspace       used 116938K, capacity 118242K, committed 122320K, reserved 1155072K
  class space    used 15253K, capacity 15786K, committed 17152K, reserved 1048576K
}

